{"contracts/DefaultEventTickets.sol":{"l":{"64":21,"65":21,"66":21,"67":21,"68":21,"69":21,"87":0,"120":5,"121":4,"122":3,"123":3,"124":3,"125":3,"126":3,"127":3,"128":1,"130":3,"145":0,"146":0,"147":0,"148":0,"149":0,"150":0,"151":0,"165":1,"166":1,"167":1,"168":1},"path":"/Users/matiasbruno/Documents/CURSO/TICKET/contracts/DefaultEventTickets.sol","s":{"1":21,"2":21,"3":21,"4":21,"5":21,"6":21,"7":0,"8":1,"9":5,"10":4,"11":3,"12":3,"13":3,"14":3,"15":3,"16":3,"17":1,"18":3,"19":0,"20":0,"21":0,"22":0,"23":0,"24":0,"25":0,"26":1,"27":1,"28":1,"29":1},"b":{"1":[4,1],"2":[3,1],"3":[3,0],"4":[1,2],"5":[0,0],"6":[0,0]},"f":{"1":21,"2":0,"3":1,"4":5,"5":0,"6":1},"fnMap":{"1":{"name":"constructor","line":63,"loc":{"start":{"line":63,"column":4},"end":{"line":70,"column":4}}},"2":{"name":"readEvent","line":76,"loc":{"start":{"line":76,"column":4},"end":{"line":94,"column":4}}},"3":{"name":"getBuyerTicketCount","line":102,"loc":{"start":{"line":102,"column":4},"end":{"line":102,"column":111}}},"4":{"name":"buyTickets","line":119,"loc":{"start":{"line":119,"column":4},"end":{"line":131,"column":5}}},"5":{"name":"getRefund","line":144,"loc":{"start":{"line":144,"column":4},"end":{"line":152,"column":4}}},"6":{"name":"endSale","line":164,"loc":{"start":{"line":164,"column":4},"end":{"line":169,"column":5}}}},"statementMap":{"1":{"start":{"line":64,"column":8},"end":{"line":64,"column":36}},"2":{"start":{"line":65,"column":8},"end":{"line":65,"column":39}},"3":{"start":{"line":66,"column":8},"end":{"line":66,"column":29}},"4":{"start":{"line":67,"column":8},"end":{"line":67,"column":43}},"5":{"start":{"line":68,"column":8},"end":{"line":68,"column":41}},"6":{"start":{"line":69,"column":8},"end":{"line":69,"column":28}},"7":{"start":{"line":87,"column":8},"end":{"line":87,"column":3422}},"8":{"start":{"line":102,"column":81},"end":{"line":102,"column":109}},"9":{"start":{"line":120,"column":8},"end":{"line":120,"column":53}},"10":{"start":{"line":121,"column":8},"end":{"line":121,"column":98}},"11":{"start":{"line":122,"column":8},"end":{"line":122,"column":101}},"12":{"start":{"line":123,"column":8},"end":{"line":123,"column":45}},"13":{"start":{"line":124,"column":8},"end":{"line":124,"column":32}},"14":{"start":{"line":125,"column":8},"end":{"line":125,"column":39}},"15":{"start":{"line":126,"column":8},"end":{"line":126,"column":58}},"16":{"start":{"line":127,"column":8},"end":{"line":127,"column":5206}},"17":{"start":{"line":128,"column":12},"end":{"line":128,"column":63}},"18":{"start":{"line":130,"column":8},"end":{"line":130,"column":47}},"19":{"start":{"line":145,"column":8},"end":{"line":145,"column":62}},"20":{"start":{"line":146,"column":8},"end":{"line":146,"column":69}},"21":{"start":{"line":147,"column":8},"end":{"line":147,"column":37}},"22":{"start":{"line":148,"column":8},"end":{"line":148,"column":32}},"23":{"start":{"line":149,"column":8},"end":{"line":149,"column":39}},"24":{"start":{"line":150,"column":8},"end":{"line":150,"column":67}},"25":{"start":{"line":151,"column":8},"end":{"line":151,"column":46}},"26":{"start":{"line":165,"column":8},"end":{"line":165,"column":29}},"27":{"start":{"line":166,"column":8},"end":{"line":166,"column":47}},"28":{"start":{"line":167,"column":8},"end":{"line":167,"column":41}},"29":{"start":{"line":168,"column":8},"end":{"line":168,"column":41}}},"branchMap":{"1":{"line":120,"type":"if","locations":[{"start":{"line":120,"column":8},"end":{"line":120,"column":8}},{"start":{"line":120,"column":8},"end":{"line":120,"column":8}}]},"2":{"line":121,"type":"if","locations":[{"start":{"line":121,"column":8},"end":{"line":121,"column":8}},{"start":{"line":121,"column":8},"end":{"line":121,"column":8}}]},"3":{"line":122,"type":"if","locations":[{"start":{"line":122,"column":8},"end":{"line":122,"column":8}},{"start":{"line":122,"column":8},"end":{"line":122,"column":8}}]},"4":{"line":127,"type":"if","locations":[{"start":{"line":127,"column":8},"end":{"line":127,"column":8}},{"start":{"line":127,"column":8},"end":{"line":127,"column":8}}]},"5":{"line":145,"type":"if","locations":[{"start":{"line":145,"column":8},"end":{"line":145,"column":8}},{"start":{"line":145,"column":8},"end":{"line":145,"column":8}}]},"6":{"line":146,"type":"if","locations":[{"start":{"line":146,"column":8},"end":{"line":146,"column":8}},{"start":{"line":146,"column":8},"end":{"line":146,"column":8}}]}}},"contracts/EventFactory.sol":{"l":{"37":0,"38":0,"39":0,"40":0,"41":0,"42":0,"51":0,"58":0,"59":0,"60":0,"61":0,"62":0,"63":0},"path":"/Users/matiasbruno/Documents/CURSO/TICKET/contracts/EventFactory.sol","s":{"1":0,"2":0,"3":0,"4":0,"5":0,"6":0,"7":0,"8":0,"9":0,"10":0,"11":0,"12":0},"b":{},"f":{"1":0,"2":0,"3":0},"fnMap":{"1":{"name":"createEvent","line":31,"loc":{"start":{"line":31,"column":4},"end":{"line":43,"column":4}}},"2":{"name":"addEvent","line":50,"loc":{"start":{"line":50,"column":4},"end":{"line":64,"column":4}}},"3":{"name":"getEvent","line":71,"loc":{"start":{"line":71,"column":4},"end":{"line":71,"column":95}}}},"statementMap":{"1":{"start":{"line":37,"column":8},"end":{"line":37,"column":49}},"2":{"start":{"line":38,"column":8},"end":{"line":38,"column":38}},"3":{"start":{"line":39,"column":8},"end":{"line":39,"column":32}},"4":{"start":{"line":40,"column":8},"end":{"line":40,"column":39}},"5":{"start":{"line":41,"column":8},"end":{"line":41,"column":97}},"6":{"start":{"line":51,"column":8},"end":{"line":51,"column":1578}},"7":{"start":{"line":58,"column":8},"end":{"line":58,"column":49}},"8":{"start":{"line":59,"column":8},"end":{"line":59,"column":37}},"9":{"start":{"line":60,"column":8},"end":{"line":60,"column":32}},"10":{"start":{"line":61,"column":8},"end":{"line":61,"column":39}},"11":{"start":{"line":62,"column":8},"end":{"line":62,"column":39}},"12":{"start":{"line":71,"column":77},"end":{"line":71,"column":94}}},"branchMap":{}},"contracts/EventTickets.sol":{"l":{},"path":"/Users/matiasbruno/Documents/CURSO/TICKET/contracts/EventTickets.sol","s":{},"b":{},"f":{},"fnMap":{},"statementMap":{},"branchMap":{}}}