TN:
SF:/Users/matiasbruno/Documents/CURSO/TICKET/contracts/DefaultEventTickets.sol
FN:63,constructor
FN:76,readEvent
FN:102,getBuyerTicketCount
FN:119,buyTickets
FN:144,getRefund
FN:164,endSale
FNF:6
FNH:4
FNDA:21,constructor
FNDA:0,readEvent
FNDA:1,getBuyerTicketCount
FNDA:5,buyTickets
FNDA:0,getRefund
FNDA:1,endSale
DA:64,21
DA:65,21
DA:66,21
DA:67,21
DA:68,21
DA:69,21
DA:87,0
DA:120,5
DA:121,4
DA:122,3
DA:123,3
DA:124,3
DA:125,3
DA:126,3
DA:127,3
DA:128,1
DA:130,3
DA:145,0
DA:146,0
DA:147,0
DA:148,0
DA:149,0
DA:150,0
DA:151,0
DA:165,1
DA:166,1
DA:167,1
DA:168,1
LF:28
LH:20
BRDA:120,1,0,4
BRDA:120,1,1,1
BRDA:121,2,0,3
BRDA:121,2,1,1
BRDA:122,3,0,3
BRDA:122,3,1,0
BRDA:127,4,0,1
BRDA:127,4,1,2
BRDA:145,5,0,0
BRDA:145,5,1,0
BRDA:146,6,0,0
BRDA:146,6,1,0
BRF:12
BRH:7
end_of_record
TN:
SF:/Users/matiasbruno/Documents/CURSO/TICKET/contracts/EventFactory.sol
FN:31,createEvent
FN:50,addEvent
FN:71,getEvent
FNF:3
FNH:0
FNDA:0,createEvent
FNDA:0,addEvent
FNDA:0,getEvent
DA:37,0
DA:38,0
DA:39,0
DA:40,0
DA:41,0
DA:42,0
DA:51,0
DA:58,0
DA:59,0
DA:60,0
DA:61,0
DA:62,0
DA:63,0
LF:13
LH:0
BRF:0
BRH:0
end_of_record
TN:
SF:/Users/matiasbruno/Documents/CURSO/TICKET/contracts/EventTickets.sol
FNF:0
FNH:0
LF:0
LH:0
BRF:0
BRH:0
end_of_record
