TN:
SF:D:\Usuario\Desktop\FACU\CURSO\ticket-event\contracts\DefaultEventTickets.sol
FN:63,constructor
FN:76,readEvent
FN:102,getBuyerTicketCount
FN:119,buyTickets
FN:144,getRefund
FN:165,endSale
FNF:6
FNH:5
FNDA:33,constructor
FNDA:0,readEvent
FNDA:1,getBuyerTicketCount
FNDA:8,buyTickets
FNDA:3,getRefund
FNDA:1,endSale
DA:64,33
DA:65,33
DA:66,33
DA:67,33
DA:68,33
DA:69,33
DA:87,0
DA:120,8
DA:121,7
DA:122,6
DA:123,5
DA:124,5
DA:125,5
DA:126,5
DA:127,5
DA:128,1
DA:130,5
DA:145,3
DA:146,2
DA:147,1
DA:148,0
DA:149,0
DA:150,0
DA:151,0
DA:152,0
DA:166,1
DA:167,1
DA:168,1
DA:169,1
LF:29
LH:23
BRDA:120,1,0,7
BRDA:120,1,1,1
BRDA:121,2,0,6
BRDA:121,2,1,1
BRDA:122,3,0,5
BRDA:122,3,1,1
BRDA:127,4,0,1
BRDA:127,4,1,4
BRDA:145,5,0,2
BRDA:145,5,1,1
BRDA:146,6,0,1
BRDA:146,6,1,1
BRDA:147,7,0,0
BRDA:147,7,1,1
BRF:14
BRH:13
end_of_record
TN:
SF:D:\Usuario\Desktop\FACU\CURSO\ticket-event\contracts\EventFactory.sol
FN:31,createEvent
FN:50,addEvent
FN:71,getEvent
FNF:3
FNH:0
FNDA:0,createEvent
FNDA:0,addEvent
FNDA:0,getEvent
DA:37,0
DA:38,0
DA:39,0
DA:40,0
DA:41,0
DA:42,0
DA:51,0
DA:58,0
DA:59,0
DA:60,0
DA:61,0
DA:62,0
DA:63,0
LF:13
LH:0
BRF:0
BRH:0
end_of_record
TN:
SF:D:\Usuario\Desktop\FACU\CURSO\ticket-event\contracts\EventTickets.sol
FNF:0
FNH:0
LF:0
LH:0
BRF:0
BRH:0
end_of_record
